<?xml version="1.0" encoding="UTF-8"?>
<coverage generated="1578841647418" clover="3.2.0">
  <project timestamp="1578841647418" name="All files">
    <metrics statements="17" coveredstatements="17" conditionals="4" coveredconditionals="4" methods="4" coveredmethods="4" elements="25" coveredelements="25" complexity="0" loc="17" ncloc="17" packages="1" files="1" classes="1"/>
    <file name="index.js" path="/Users/jzendo/workspace/www/git/curry/src/index.js">
      <metrics statements="17" coveredstatements="17" conditionals="4" coveredconditionals="4" methods="4" coveredmethods="4"/>
      <line num="5" count="1" type="stmt"/>
      <line num="7" count="1" type="stmt"/>
      <line num="10" count="1" type="stmt"/>
      <line num="13" count="1" type="stmt"/>
      <line num="14" count="7" type="stmt"/>
      <line num="15" count="7" type="stmt"/>
      <line num="18" count="7" type="cond" truecount="2" falsecount="0"/>
      <line num="19" count="5" type="stmt"/>
      <line num="23" count="2" type="stmt"/>
      <line num="24" count="2" type="stmt"/>
      <line num="34" count="1" type="stmt"/>
      <line num="36" count="8" type="stmt"/>
      <line num="38" count="5" type="stmt"/>
      <line num="43" count="3" type="stmt"/>
      <line num="44" count="5" type="stmt"/>
      <line num="47" count="3" type="stmt"/>
      <line num="48" count="3" type="stmt"/>
    </file>
  </project>
</coverage>
