{"/Users/jzendo/workspace/www/git/curry/src/index.js": {"path":"/Users/jzendo/workspace/www/git/curry/src/index.js","statementMap":{"0":{"start":{"line":5,"column":29},"end":{"line":5,"column":31}},"1":{"start":{"line":7,"column":31},"end":{"line":7,"column":68}},"2":{"start":{"line":10,"column":2},"end":{"line":10,"column":72}},"3":{"start":{"line":13,"column":32},"end":{"line":26,"column":1}},"4":{"start":{"line":14,"column":25},"end":{"line":14,"column":36}},"5":{"start":{"line":15,"column":21},"end":{"line":15,"column":30}},"6":{"start":{"line":18,"column":2},"end":{"line":20,"column":3}},"7":{"start":{"line":19,"column":4},"end":{"line":19,"column":52}},"8":{"start":{"line":23,"column":2},"end":{"line":25,"column":3}},"9":{"start":{"line":24,"column":4},"end":{"line":24,"column":63}},"10":{"start":{"line":34,"column":14},"end":{"line":49,"column":1}},"11":{"start":{"line":36,"column":2},"end":{"line":36,"column":61}},"12":{"start":{"line":38,"column":2},"end":{"line":41,"column":3}},"13":{"start":{"line":43,"column":23},"end":{"line":45,"column":3}},"14":{"start":{"line":44,"column":4},"end":{"line":44,"column":54}},"15":{"start":{"line":47,"column":2},"end":{"line":47,"column":22}},"16":{"start":{"line":48,"column":2},"end":{"line":48,"column":21}}},"fnMap":{"0":{"name":"continuePassArgsOrFired","decl":{"start":{"line":13,"column":41},"end":{"line":13,"column":64}},"loc":{"start":{"line":13,"column":75},"end":{"line":26,"column":1}},"line":13},"1":{"name":"acceptArgsWrapper","decl":{"start":{"line":23,"column":18},"end":{"line":23,"column":35}},"loc":{"start":{"line":23,"column":38},"end":{"line":25,"column":3}},"line":23},"2":{"name":"(anonymous_2)","decl":{"start":{"line":34,"column":14},"end":{"line":34,"column":15}},"loc":{"start":{"line":34,"column":20},"end":{"line":49,"column":1}},"line":34},"3":{"name":"curryWrapper","decl":{"start":{"line":43,"column":32},"end":{"line":43,"column":44}},"loc":{"start":{"line":43,"column":51},"end":{"line":45,"column":3}},"line":43}},"branchMap":{"0":{"loc":{"start":{"line":18,"column":2},"end":{"line":20,"column":3}},"type":"if","locations":[{"start":{"line":18,"column":2},"end":{"line":20,"column":3}},{"start":{"line":18,"column":2},"end":{"line":20,"column":3}}],"line":18},"1":{"loc":{"start":{"line":39,"column":4},"end":{"line":39,"column":54}},"type":"binary-expr","locations":[{"start":{"line":39,"column":4},"end":{"line":39,"column":17}},{"start":{"line":39,"column":21},"end":{"line":39,"column":54}}],"line":39}},"s":{"0":1,"1":1,"2":1,"3":1,"4":7,"5":7,"6":7,"7":5,"8":2,"9":2,"10":1,"11":8,"12":5,"13":3,"14":5,"15":3,"16":3},"f":{"0":7,"1":2,"2":8,"3":5},"b":{"0":[5,2],"1":[5,4]},"_coverageSchema":"43e27e138ebf9cfc5966b082cf9a028302ed4184","hash":"a17b6d213a7edc4a72dbfabc4cffac38023c8c2c"}
}
