{"G:\\code_paradise\\git\\jzendo_curry\\src\\index.js": {"path":"G:\\code_paradise\\git\\jzendo_curry\\src\\index.js","statementMap":{"0":{"start":{"line":3,"column":23},"end":{"line":3,"column":60}},"1":{"start":{"line":5,"column":32},"end":{"line":19,"column":1}},"2":{"start":{"line":10,"column":14},"end":{"line":10,"column":25}},"3":{"start":{"line":12,"column":2},"end":{"line":18,"column":3}},"4":{"start":{"line":13,"column":4},"end":{"line":13,"column":51}},"5":{"start":{"line":15,"column":4},"end":{"line":17,"column":5}},"6":{"start":{"line":16,"column":6},"end":{"line":16,"column":76}},"7":{"start":{"line":21,"column":14},"end":{"line":30,"column":1}},"8":{"start":{"line":22,"column":2},"end":{"line":22,"column":53}},"9":{"start":{"line":24,"column":16},"end":{"line":24,"column":25}},"10":{"start":{"line":25,"column":23},"end":{"line":27,"column":3}},"11":{"start":{"line":26,"column":4},"end":{"line":26,"column":61}},"12":{"start":{"line":29,"column":2},"end":{"line":29,"column":21}}},"fnMap":{"0":{"name":"continuePassArgsOrFired","decl":{"start":{"line":5,"column":41},"end":{"line":5,"column":64}},"loc":{"start":{"line":9,"column":2},"end":{"line":19,"column":1}},"line":9},"1":{"name":"acceptArgsWrapper","decl":{"start":{"line":15,"column":20},"end":{"line":15,"column":37}},"loc":{"start":{"line":15,"column":40},"end":{"line":17,"column":5}},"line":15},"2":{"name":"(anonymous_2)","decl":{"start":{"line":21,"column":14},"end":{"line":21,"column":15}},"loc":{"start":{"line":21,"column":20},"end":{"line":30,"column":1}},"line":21},"3":{"name":"curryWrapper","decl":{"start":{"line":25,"column":32},"end":{"line":25,"column":44}},"loc":{"start":{"line":25,"column":51},"end":{"line":27,"column":3}},"line":25}},"branchMap":{"0":{"loc":{"start":{"line":12,"column":2},"end":{"line":18,"column":3}},"type":"if","locations":[{"start":{"line":12,"column":2},"end":{"line":18,"column":3}},{"start":{"line":12,"column":2},"end":{"line":18,"column":3}}],"line":12}},"s":{"0":1,"1":1,"2":7,"3":7,"4":5,"5":2,"6":2,"7":1,"8":5,"9":2,"10":2,"11":5,"12":2},"f":{"0":7,"1":2,"2":5,"3":5},"b":{"0":[5,2]},"_coverageSchema":"43e27e138ebf9cfc5966b082cf9a028302ed4184","hash":"856b3ac9c313a0942c9567bd5cf1cd742392ca2b"}
}
